0 info it worked if it ends with ok
1 verbose cli [ 'node',
1 verbose cli   '/usr/local/bin/npm',
1 verbose cli   'install',
1 verbose cli   'videogular-themes-default' ]
2 info using npm@1.4.28
3 info using node@v0.10.32
4 verbose readDependencies using package.json deps
5 verbose cache add [ 'videogular-themes-default', null ]
6 verbose cache add name=undefined spec="videogular-themes-default" args=["videogular-themes-default",null]
7 verbose parsed url { protocol: null,
7 verbose parsed url   slashes: null,
7 verbose parsed url   auth: null,
7 verbose parsed url   host: null,
7 verbose parsed url   port: null,
7 verbose parsed url   hostname: null,
7 verbose parsed url   hash: null,
7 verbose parsed url   search: null,
7 verbose parsed url   query: null,
7 verbose parsed url   pathname: 'videogular-themes-default',
7 verbose parsed url   path: 'videogular-themes-default',
7 verbose parsed url   href: 'videogular-themes-default' }
8 silly lockFile 068b546e-videogular-themes-default videogular-themes-default
9 verbose lock videogular-themes-default /Users/victor/.npm/068b546e-videogular-themes-default.lock
10 silly lockFile 068b546e-videogular-themes-default videogular-themes-default
11 silly lockFile 068b546e-videogular-themes-default videogular-themes-default
12 verbose addNamed [ 'videogular-themes-default', '' ]
13 verbose addNamed [ null, '*' ]
14 silly lockFile a3f03ab1-videogular-themes-default videogular-themes-default@
15 verbose lock videogular-themes-default@ /Users/victor/.npm/a3f03ab1-videogular-themes-default.lock
16 silly addNameRange { name: 'videogular-themes-default', range: '*', hasData: false }
17 verbose request where is /videogular-themes-default
18 verbose request registry https://registry.npmjs.org/
19 verbose request id 314a92a17535663a
20 verbose url raw /videogular-themes-default
21 verbose url resolving [ 'https://registry.npmjs.org/', './videogular-themes-default' ]
22 verbose url resolved https://registry.npmjs.org/videogular-themes-default
23 verbose request where is https://registry.npmjs.org/videogular-themes-default
24 info trying registry request attempt 1 at 06:56:45
25 http GET https://registry.npmjs.org/videogular-themes-default
26 http 404 https://registry.npmjs.org/videogular-themes-default
27 verbose headers { date: 'Wed, 08 Oct 2014 13:56:45 GMT',
27 verbose headers   server: 'CouchDB/1.5.0 (Erlang OTP/R16B03)',
27 verbose headers   'content-type': 'application/json',
27 verbose headers   'cache-control': 'max-age=0',
27 verbose headers   'content-length': '52',
27 verbose headers   'accept-ranges': 'bytes',
27 verbose headers   via: '1.1 varnish',
27 verbose headers   age: '0',
27 verbose headers   'x-served-by': 'cache-fra1233-FRA',
27 verbose headers   'x-cache': 'MISS',
27 verbose headers   'x-cache-hits': '0',
27 verbose headers   'x-timer': 'S1412776605.782143,VS0,VE178',
27 verbose headers   'keep-alive': 'timeout=10, max=50',
27 verbose headers   connection: 'Keep-Alive' }
28 silly registry.get cb [ 404,
28 silly registry.get   { date: 'Wed, 08 Oct 2014 13:56:45 GMT',
28 silly registry.get     server: 'CouchDB/1.5.0 (Erlang OTP/R16B03)',
28 silly registry.get     'content-type': 'application/json',
28 silly registry.get     'cache-control': 'max-age=0',
28 silly registry.get     'content-length': '52',
28 silly registry.get     'accept-ranges': 'bytes',
28 silly registry.get     via: '1.1 varnish',
28 silly registry.get     age: '0',
28 silly registry.get     'x-served-by': 'cache-fra1233-FRA',
28 silly registry.get     'x-cache': 'MISS',
28 silly registry.get     'x-cache-hits': '0',
28 silly registry.get     'x-timer': 'S1412776605.782143,VS0,VE178',
28 silly registry.get     'keep-alive': 'timeout=10, max=50',
28 silly registry.get     connection: 'Keep-Alive' } ]
29 silly lockFile a3f03ab1-videogular-themes-default videogular-themes-default@
30 silly lockFile a3f03ab1-videogular-themes-default videogular-themes-default@
31 error 404 404 Not Found: videogular-themes-default
31 error 404
31 error 404 'videogular-themes-default' is not in the npm registry.
31 error 404 You should bug the author to publish it
31 error 404 It was specified as a dependency of 'angular-super-seed'
31 error 404
31 error 404 Note that you can also install from a
31 error 404 tarball, folder, or http url, or git url.
32 error System Darwin 13.4.0
33 error command "node" "/usr/local/bin/npm" "install" "videogular-themes-default"
34 error cwd /Users/victor/Work/SportContract/changes
35 error node -v v0.10.32
36 error npm -v 1.4.28
37 error code E404
38 verbose exit [ 1, true ]
